<?xml version="1.0" encoding="UTF-8"?>
<testng-results skipped="0" failed="0" ignored="0" total="1" passed="1">
  <reporter-output>
  </reporter-output>
  <suite name="Default suite" duration-ms="6856" started-at="2020-04-29T14:35:16 MDT" finished-at="2020-04-29T14:35:22 MDT">
    <groups>
      <group name="cucumber">
        <method signature="AudienceAppUAT_LogIn_001_TestRunner.feature(cucumber.api.testng.CucumberFeatureWrapper)[pri:0, instance:audienceAppUATTestRunner.AudienceAppUAT_LogIn_001_TestRunner@3ffcd140]" name="feature" class="audienceAppUATTestRunner.AudienceAppUAT_LogIn_001_TestRunner"/>
      </group> <!-- cucumber -->
    </groups>
    <test name="Default test" duration-ms="6856" started-at="2020-04-29T14:35:16 MDT" finished-at="2020-04-29T14:35:22 MDT">
      <class name="audienceAppUATTestRunner.AudienceAppUAT_LogIn_001_TestRunner">
        <test-method status="PASS" signature="setUpClass()[pri:0, instance:audienceAppUATTestRunner.AudienceAppUAT_LogIn_001_TestRunner@3ffcd140]" name="setUpClass" is-config="true" duration-ms="161" started-at="2020-04-29T14:35:16 MDT" finished-at="2020-04-29T14:35:16 MDT">
          <reporter-output>
          </reporter-output>
        </test-method> <!-- setUpClass -->
        <test-method status="PASS" signature="feature(cucumber.api.testng.CucumberFeatureWrapper)[pri:0, instance:audienceAppUATTestRunner.AudienceAppUAT_LogIn_001_TestRunner@3ffcd140]" name="feature" duration-ms="6288" started-at="2020-04-29T14:35:16 MDT" description="Runs cucmber Features" data-provider="features" finished-at="2020-04-29T14:35:22 MDT">
          <params>
            <param index="0">
              <value>
                <![CDATA[AudienceApp UAT log in  feature]]>
              </value>
            </param>
          </params>
          <reporter-output>
          </reporter-output>
        </test-method> <!-- feature -->
        <test-method status="PASS" signature="testDownClass()[pri:0, instance:audienceAppUATTestRunner.AudienceAppUAT_LogIn_001_TestRunner@3ffcd140]" name="testDownClass" is-config="true" duration-ms="337" started-at="2020-04-29T14:35:22 MDT" finished-at="2020-04-29T14:35:22 MDT">
          <reporter-output>
          </reporter-output>
        </test-method> <!-- testDownClass -->
      </class> <!-- audienceAppUATTestRunner.AudienceAppUAT_LogIn_001_TestRunner -->
    </test> <!-- Default test -->
  </suite> <!-- Default suite -->
</testng-results>
